Performing C SOURCE FILE Test CMAKE_HAVE_LIBC_PTHREAD failed with the following output:
Change Dir: /home/brandon/Dev/RhombusJS/VideoStitcher/helper_image_processor/build/CMakeFiles/CMakeTmp

Run Build Command(s):/usr/bin/make cmTC_4203f/fast && /usr/bin/make  -f CMakeFiles/cmTC_4203f.dir/build.make CMakeFiles/cmTC_4203f.dir/build
make[1]: Entering directory '/home/brandon/Dev/RhombusJS/VideoStitcher/helper_image_processor/build/CMakeFiles/CMakeTmp'
Building C object CMakeFiles/cmTC_4203f.dir/src.c.o
/usr/bin/clang-12 -DCMAKE_HAVE_LIBC_PTHREAD   -o CMakeFiles/cmTC_4203f.dir/src.c.o -c /home/brandon/Dev/RhombusJS/VideoStitcher/helper_image_processor/build/CMakeFiles/CMakeTmp/src.c
Linking C executable cmTC_4203f
/usr/bin/cmake -E cmake_link_script CMakeFiles/cmTC_4203f.dir/link.txt --verbose=1
/usr/bin/clang-12 CMakeFiles/cmTC_4203f.dir/src.c.o -o cmTC_4203f 
/usr/bin/ld: CMakeFiles/cmTC_4203f.dir/src.c.o: in function `main':
src.c:(.text+0x22): undefined reference to `pthread_create'
/usr/bin/ld: src.c:(.text+0x2b): undefined reference to `pthread_detach'
/usr/bin/ld: src.c:(.text+0x34): undefined reference to `pthread_cancel'
/usr/bin/ld: src.c:(.text+0x41): undefined reference to `pthread_join'
clang-12: error: linker command failed with exit code 1 (use -v to see invocation)
make[1]: *** [CMakeFiles/cmTC_4203f.dir/build.make:106: cmTC_4203f] Error 1
make[1]: Leaving directory '/home/brandon/Dev/RhombusJS/VideoStitcher/helper_image_processor/build/CMakeFiles/CMakeTmp'
make: *** [Makefile:140: cmTC_4203f/fast] Error 2


Source file was:
#include <pthread.h>

static void* test_func(void* data)
{
  return data;
}

int main(void)
{
  pthread_t thread;
  pthread_create(&thread, NULL, test_func, NULL);
  pthread_detach(thread);
  pthread_cancel(thread);
  pthread_join(thread, NULL);
  pthread_atfork(NULL, NULL, NULL);
  pthread_exit(NULL);

  return 0;
}

Determining if the function pthread_create exists in the pthreads failed with the following output:
Change Dir: /home/brandon/Dev/RhombusJS/VideoStitcher/helper_image_processor/build/CMakeFiles/CMakeTmp

Run Build Command(s):/usr/bin/make cmTC_2ea6f/fast && /usr/bin/make  -f CMakeFiles/cmTC_2ea6f.dir/build.make CMakeFiles/cmTC_2ea6f.dir/build
make[1]: Entering directory '/home/brandon/Dev/RhombusJS/VideoStitcher/helper_image_processor/build/CMakeFiles/CMakeTmp'
Building C object CMakeFiles/cmTC_2ea6f.dir/CheckFunctionExists.c.o
/usr/bin/clang-12   -DCHECK_FUNCTION_EXISTS=pthread_create -o CMakeFiles/cmTC_2ea6f.dir/CheckFunctionExists.c.o -c /usr/share/cmake-3.19/Modules/CheckFunctionExists.c
Linking C executable cmTC_2ea6f
/usr/bin/cmake -E cmake_link_script CMakeFiles/cmTC_2ea6f.dir/link.txt --verbose=1
/usr/bin/clang-12  -DCHECK_FUNCTION_EXISTS=pthread_create CMakeFiles/cmTC_2ea6f.dir/CheckFunctionExists.c.o -o cmTC_2ea6f  -lpthreads 
/usr/bin/ld: cannot find -lpthreads
clang-12: error: linker command failed with exit code 1 (use -v to see invocation)
make[1]: *** [CMakeFiles/cmTC_2ea6f.dir/build.make:106: cmTC_2ea6f] Error 1
make[1]: Leaving directory '/home/brandon/Dev/RhombusJS/VideoStitcher/helper_image_processor/build/CMakeFiles/CMakeTmp'
make: *** [Makefile:140: cmTC_2ea6f/fast] Error 2



